scripts/kconfig/conf -s arch/arm/Kconfig
  CHK     include/linux/version.h
  CHK     include/generated/utsrelease.h
make[1]: »include/generated/mach-types.h« ist bereits aktualisiert.
  CC      kernel/bounds.s
  GEN     include/generated/bounds.h
  CC      arch/arm/kernel/asm-offsets.s
  GEN     include/generated/asm-offsets.h
  CALL    scripts/checksyscalls.sh
  CC      scripts/mod/empty.o
  HOSTCC  scripts/mod/mk_elfconfig
  MKELF   scripts/mod/elfconfig.h
  HOSTCC  scripts/mod/file2alias.o
  HOSTCC  scripts/mod/modpost.o
  HOSTCC  scripts/mod/sumversion.o
  HOSTLD  scripts/mod/modpost
  HOSTCC  scripts/kallsyms
  HOSTCC  scripts/pnmtologo
  HOSTCC  scripts/conmakehash
  HOSTCC  scripts/bin2c
  CC      init/main.o
  CHK     include/generated/compile.h
  CC      init/version.o
  CC      init/do_mounts.o
  CC      init/do_mounts_initrd.o
  LD      init/mounts.o
  CC      init/initramfs.o
  CC      init/calibrate.o
  LD      init/built-in.o
  HOSTCC  usr/gen_init_cpio
  GEN     usr/initramfs_data.cpio
  AS      usr/initramfs_data.o
  LD      usr/built-in.o
  CC      arch/arm/kernel/compat.o
  CC      arch/arm/kernel/elf.o
  AS      arch/arm/kernel/entry-armv.o
  AS      arch/arm/kernel/entry-common.o
  CC      arch/arm/kernel/irq.o
  CC      arch/arm/kernel/process.o
  CC      arch/arm/kernel/ptrace.o
  CC      arch/arm/kernel/return_address.o
arch/arm/kernel/return_address.c:61: warning: #warning "TODO: return_address should use unwind tables"
  CC      arch/arm/kernel/setup.o
  CC      arch/arm/kernel/signal.o
  CC      arch/arm/kernel/sys_arm.o
  CC      arch/arm/kernel/stacktrace.o
  CC      arch/arm/kernel/time.o
  CC      arch/arm/kernel/traps.o
  CC      arch/arm/kernel/armksyms.o
  CC      arch/arm/kernel/module.o
  CC      arch/arm/kernel/thumbee.o
  CC      arch/arm/kernel/unwind.o
  CC      arch/arm/kernel/pmu.o
  CC      arch/arm/kernel/io.o
  LD      arch/arm/kernel/built-in.o
  AS      arch/arm/kernel/head.o
  CC      arch/arm/kernel/init_task.o
  LDS     arch/arm/kernel/vmlinux.lds
  CC      arch/arm/mm/dma-mapping.o
  CC      arch/arm/mm/extable.o
  CC      arch/arm/mm/fault.o
  CC      arch/arm/mm/init.o
  CC      arch/arm/mm/iomap.o
  CC      arch/arm/mm/fault-armv.o
  CC      arch/arm/mm/flush.o
  CC      arch/arm/mm/ioremap.o
  CC      arch/arm/mm/mmap.o
  CC      arch/arm/mm/pgd.o
  CC      arch/arm/mm/mmu.o
  CC      arch/arm/mm/vmregion.o
  CC      arch/arm/mm/proc-syms.o
  CC      arch/arm/mm/alignment.o
  CC      arch/arm/mm/highmem.o
  AS      arch/arm/mm/abort-ev7.o
  AS      arch/arm/mm/pabort-v7.o
  AS      arch/arm/mm/cache-v7.o
  CC      arch/arm/mm/copypage-v6.o
  CC      arch/arm/mm/context.o
  AS      arch/arm/mm/tlb-v7.o
  AS      arch/arm/mm/proc-v7.o
  LD      arch/arm/mm/built-in.o
  CC      arch/arm/common/clkdev.o
  LD      arch/arm/common/built-in.o
  CC      arch/arm/mach-msm/io.o
  CC      arch/arm/mach-msm/dma.o
  CC      arch/arm/mach-msm/memory.o
  CC      arch/arm/mach-msm/timer.o
  CC      arch/arm/mach-msm/irq.o
  CC      arch/arm/mach-msm/pmic.o
  CC      arch/arm/mach-msm/vreg.o
  CC      arch/arm/mach-msm/dex_comm.o
arch/arm/mach-msm/dex_comm.c: In function 'init_dex_comm':
arch/arm/mach-msm/dex_comm.c:267: warning: ISO C90 forbids mixed declarations and code
  CC      arch/arm/mach-msm/devices.o
arch/arm/mach-msm/devices.c:1362: warning: "CLOCK" redefined
arch/arm/mach-msm/clock.h:99: note: this is the location of the previous definition
  CC      arch/arm/mach-msm/devices-qsd8x50.o
  CC      arch/arm/mach-msm/pwrtest.o
  CC      arch/arm/mach-msm/sirc.o
  CC      arch/arm/mach-msm/proc_comm.o
  CC      arch/arm/mach-msm/amss_para.o
  AS      arch/arm/mach-msm/arch-init-scorpion.o
  CC      arch/arm/mach-msm/acpuclock-scorpion.o
arch/arm/mach-msm/acpuclock-scorpion.c:101: warning: "CONFIG_HTCLEO_UNDERVOLT_925" is not defined
arch/arm/mach-msm/acpuclock-scorpion.c:124: warning: "CONFIG_HTCLEO_UNDERVOLT_800" is not defined
arch/arm/mach-msm/acpuclock-scorpion.c:179: warning: "CONFIG_HTCLEO_UNDERVOLT_925" is not defined
arch/arm/mach-msm/acpuclock-scorpion.c:186: warning: "CONFIG_HTCLEO_UNDERVOLT_800" is not defined
  AS      arch/arm/mach-msm/idle-v7.o
  CC      arch/arm/mach-msm/msm_fault_handlers.o
  CC      arch/arm/mach-msm/nand_partitions.o
  CC      arch/arm/mach-msm/drv_callback.o
  CC      arch/arm/mach-msm/radio_feedback.o
  CC      arch/arm/mach-msm/board-htcleo-wifi-nvs.o
  AS      arch/arm/mach-msm/fiq_glue.o
  CC      arch/arm/mach-msm/remote_spinlock.o
  CC      arch/arm/mach-msm/htc_port_list.o
  CC      arch/arm/mach-msm/smd.o
  CC      arch/arm/mach-msm/smd_debug.o
arch/arm/mach-msm/smd_debug.c: In function 'smd_debugfs_init':
arch/arm/mach-msm/smd_debug.c:523: warning: unused variable 'i'
arch/arm/mach-msm/smd_debug.c:522: warning: unused variable 'ret'
arch/arm/mach-msm/smd_debug.c: At top level:
arch/arm/mach-msm/smd_debug.c:73: warning: 'get_smem_sleep_stat' defined but not used
arch/arm/mach-msm/smd_debug.c:109: warning: 'get_smem_negate_client_stat' defined but not used
arch/arm/mach-msm/smd_debug.c:164: warning: 'sleep_stat_notif_block' defined but not used
arch/arm/mach-msm/smd_debug.c:178: warning: 'sleep_stat_screen_hdl' defined but not used
  CC      arch/arm/mach-msm/smem_log.o
  CC      arch/arm/mach-msm/last_radio_log.o
  CC      arch/arm/mach-msm/smd_rpcrouter_device.o
  CC      arch/arm/mach-msm/smd_rpcrouter.o
  CC      arch/arm/mach-msm/smd_rpcrouter_servers.o
  CC      arch/arm/mach-msm/smd_rpcrouter_xdr.o
  CC      arch/arm/mach-msm/rpc_server_dog_keepalive.o
  CC      arch/arm/mach-msm/rpc_server_time_remote.o
  CC      arch/arm/mach-msm/smd_tty.o
arch/arm/mach-msm/smd_tty.c: In function 'smd_tty_write':
arch/arm/mach-msm/smd_tty.c:208: warning: unused variable 'runfix'
  CC      arch/arm/mach-msm/smd_qmi_wince.o
  CC      arch/arm/mach-msm/clock-wince.o
arch/arm/mach-msm/clock-wince.c: In function 'set_grp_clk':
arch/arm/mach-msm/clock-wince.c:276: warning: ISO C90 forbids mixed declarations and code
arch/arm/mach-msm/clock-wince.c:299: warning: ISO C90 forbids mixed declarations and code
arch/arm/mach-msm/clock-wince.c: In function 'new_clk_set_rate':
arch/arm/mach-msm/clock-wince.c:533: warning: format '%d' expects type 'int', but argument 2 has type 'long unsigned int'
arch/arm/mach-msm/clock-wince.c:547: warning: format '%d' expects type 'int', but argument 2 has type 'long unsigned int'
arch/arm/mach-msm/clock-wince.c: In function 'pc_clk_disable':
arch/arm/mach-msm/clock-wince.c:926: warning: ISO C90 forbids mixed declarations and code
arch/arm/mach-msm/clock-wince.c: In function 'pc_clk_set_rate':
arch/arm/mach-msm/clock-wince.c:957: warning: ISO C90 forbids mixed declarations and code
arch/arm/mach-msm/clock-wince.c: In function 'clk_get':
arch/arm/mach-msm/clock-wince.c:1077: warning: initialization from incompatible pointer type
arch/arm/mach-msm/clock-wince.c:1077: warning: comparison of distinct pointer types lacks a cast
arch/arm/mach-msm/clock-wince.c:1081: warning: initialization from incompatible pointer type
arch/arm/mach-msm/clock-wince.c:1081: warning: comparison of distinct pointer types lacks a cast
arch/arm/mach-msm/clock-wince.c: In function 'msm_clock_init':
arch/arm/mach-msm/clock-wince.c:1204: warning: passing argument 1 of 'list_add_tail' from incompatible pointer type
include/linux/list.h:78: note: expected 'struct list_head *' but argument is of type 'struct hlist_node *'
arch/arm/mach-msm/clock-wince.c: In function 'clks_print_running':
arch/arm/mach-msm/clock-wince.c:1229: warning: initialization from incompatible pointer type
arch/arm/mach-msm/clock-wince.c:1229: warning: comparison of distinct pointer types lacks a cast
arch/arm/mach-msm/clock-wince.c: In function 'clks_allow_tcxo_locked':
arch/arm/mach-msm/clock-wince.c:1254: warning: initialization from incompatible pointer type
arch/arm/mach-msm/clock-wince.c:1254: warning: comparison of distinct pointer types lacks a cast
arch/arm/mach-msm/clock-wince.c:1250: warning: unused variable 'pos'
arch/arm/mach-msm/clock-wince.c: In function 'clks_allow_tcxo_locked_debug':
arch/arm/mach-msm/clock-wince.c:1272: warning: initialization from incompatible pointer type
arch/arm/mach-msm/clock-wince.c:1272: warning: comparison of distinct pointer types lacks a cast
arch/arm/mach-msm/clock-wince.c: In function 'clock_late_init':
arch/arm/mach-msm/clock-wince.c:1297: warning: initialization from incompatible pointer type
arch/arm/mach-msm/clock-wince.c:1297: warning: comparison of distinct pointer types lacks a cast
arch/arm/mach-msm/clock-wince.c: At top level:
arch/arm/mach-msm/clock-wince.c:1322: warning: initialization from incompatible pointer type
arch/arm/mach-msm/clock-wince.c:1323: warning: initialization from incompatible pointer type
arch/arm/mach-msm/clock-wince.c:1324: warning: initialization from incompatible pointer type
arch/arm/mach-msm/clock-wince.c:1325: warning: initialization from incompatible pointer type
arch/arm/mach-msm/clock-wince.c:1326: warning: initialization from incompatible pointer type
arch/arm/mach-msm/clock-wince.c:1327: warning: initialization from incompatible pointer type
arch/arm/mach-msm/clock-wince.c:1060: warning: 'pc_pll_request' defined but not used
  CC      arch/arm/mach-msm/dal.o
  CC      arch/arm/mach-msm/qdsp6_1550/dal.o
arch/arm/mach-msm/qdsp6_1550/dal.c: In function 'dal_call_f6':
arch/arm/mach-msm/qdsp6_1550/dal.c:649: warning: the frame size of 2048 bytes is larger than 1024 bytes
arch/arm/mach-msm/qdsp6_1550/dal.c: In function 'dal_call_f5':
arch/arm/mach-msm/qdsp6_1550/dal.c:625: warning: the frame size of 2048 bytes is larger than 1024 bytes
  CC      arch/arm/mach-msm/qdsp6_1550/q6audio.o
arch/arm/mach-msm/qdsp6_1550/q6audio.c:136: warning: function declaration isn't a prototype
arch/arm/mach-msm/qdsp6_1550/q6audio.c:2010: warning: function declaration isn't a prototype
arch/arm/mach-msm/qdsp6_1550/q6audio.c:2541: warning: 'audio_test' defined but not used
arch/arm/mach-msm/qdsp6_1550/q6audio.c:172: warning: 'rx_vol_level' defined but not used
arch/arm/mach-msm/qdsp6_1550/q6audio.c:297: warning: 'adsp' defined but not used
arch/arm/mach-msm/qdsp6_1550/q6audio.c:896: warning: 'audio_tx_volume' defined but not used
arch/arm/mach-msm/qdsp6_1550/q6audio.c: In function 'audio_qcelp_open':
arch/arm/mach-msm/qdsp6_1550/q6audio.c:783: warning: 'ptr' is used uninitialized in this function
  CC      arch/arm/mach-msm/qdsp6_1550/pcm_out.o
  CC      arch/arm/mach-msm/qdsp6_1550/pcm_in.o
  CC      arch/arm/mach-msm/qdsp6_1550/mp3.o
arch/arm/mach-msm/qdsp6_1550/mp3.c:215: warning: initialization from incompatible pointer type
  CC      arch/arm/mach-msm/qdsp6_1550/routing.o
  CC      arch/arm/mach-msm/qdsp6_1550/audio_ctl.o
  CC      arch/arm/mach-msm/qdsp6_1550/msm_q6vdec.o
  CC      arch/arm/mach-msm/qdsp6_1550/msm_q6venc.o
  CC      arch/arm/mach-msm/qdsp6_1550/aac_in.o
  CC      arch/arm/mach-msm/qdsp6_1550/qcelp_in.o
  LD      arch/arm/mach-msm/qdsp6_1550/built-in.o
  CC      arch/arm/mach-msm/pm.o
arch/arm/mach-msm/pm.c:933: warning: function declaration isn't a prototype
  CC      arch/arm/mach-msm/cpufreq.o
  CC      arch/arm/mach-msm/board-htcleo.o
arch/arm/mach-msm/board-htcleo.c:170: warning: initialization makes integer from pointer without a cast
arch/arm/mach-msm/board-htcleo.c:171: warning: initialization makes integer from pointer without a cast
arch/arm/mach-msm/board-htcleo.c:396: warning: initialization from incompatible pointer type
arch/arm/mach-msm/board-htcleo.c:745: warning: initialization makes integer from pointer without a cast
arch/arm/mach-msm/board-htcleo.c:746: warning: initialization makes integer from pointer without a cast
arch/arm/mach-msm/include/mach/board-htcleo-microp.h:9: warning: 'microp_i2c_wakelock' defined but not used
arch/arm/mach-msm/include/mach/board-htcleo-microp.h:11: warning: 'private_microp_client' defined but not used
  CC      arch/arm/mach-msm/board-htcleo-panel.o
arch/arm/mach-msm/board-htcleo-panel.c:1245: warning: "SPI_CLK" redefined
arch/arm/mach-msm/clock.h:160: note: this is the location of the previous definition
arch/arm/mach-msm/board-htcleo-panel.c: In function 'detect_panel_type':
arch/arm/mach-msm/board-htcleo-panel.c:1617: warning: ISO C90 forbids mixed declarations and code
  CC      arch/arm/mach-msm/board-htcleo-keypad.o
  CC      arch/arm/mach-msm/board-htcleo-ts.o
  CC      arch/arm/mach-msm/board-htcleo-mmc.o
  AS      arch/arm/mach-msm/ieee754-df.o
  CC      arch/arm/mach-msm/board-htcleo-audio.o
arch/arm/mach-msm/board-htcleo-audio.c: In function 'htcleo_get_rx_vol':
arch/arm/mach-msm/board-htcleo-audio.c:297: warning: ISO C90 forbids mixed declarations and code
  CC      arch/arm/mach-msm/board-htcleo-acoustic.o
arch/arm/mach-msm/board-htcleo-acoustic.c: In function 'acoustic_ioctl':
arch/arm/mach-msm/board-htcleo-acoustic.c:198: warning: unused variable 'data'
  CC      arch/arm/mach-msm/board-htcleo-rfkill.o
  CC      arch/arm/mach-msm/board-htcleo-wifi.o
  CC      arch/arm/mach-msm/board-htcleo-microp.o
arch/arm/mach-msm/board-htcleo-microp.c:225: warning: 'microp_read_adc' defined but not used
arch/arm/mach-msm/board-htcleo-microp.c: In function 'microp_i2c_probe':
arch/arm/mach-msm/board-htcleo-microp.c:550: warning: 'pdata' may be used uninitialized in this function
  CC      arch/arm/mach-msm/board-htcleo-proximity.o
arch/arm/mach-msm/include/mach/board-htcleo-microp.h:9: warning: 'microp_i2c_wakelock' defined but not used
arch/arm/mach-msm/include/mach/board-htcleo-microp.h:11: warning: 'private_microp_client' defined but not used
  CC      arch/arm/mach-msm/board-htcleo-ls.o
arch/arm/mach-msm/include/mach/board-htcleo-microp.h:9: warning: 'microp_i2c_wakelock' defined but not used
arch/arm/mach-msm/include/mach/board-htcleo-microp.h:11: warning: 'private_microp_client' defined but not used
  CC      arch/arm/mach-msm/board-htcleo-gsensor.o
arch/arm/mach-msm/include/mach/board-htcleo-microp.h:9: warning: 'microp_i2c_wakelock' defined but not used
arch/arm/mach-msm/include/mach/board-htcleo-microp.h:11: warning: 'private_microp_client' defined but not used
  CC      arch/arm/mach-msm/board-htcleo-bl-led.o
  CC      arch/arm/mach-msm/board-htcleo-btn_backlight-manager.o
  CC      arch/arm/mach-msm/msm_vibrator.o
  CC      arch/arm/mach-msm/devices_htc.o
  CC      arch/arm/mach-msm/msm_flashlight.o
  CC      arch/arm/mach-msm/htc_battery.o
  CC      arch/arm/mach-msm/htc_headset_mgr.o
  CC      arch/arm/mach-msm/htc_headset_gpio.o
  CC      arch/arm/mach-msm/gpio.o
  CC      arch/arm/mach-msm/generic_gpio.o
  CC      arch/arm/mach-msm/pmu.o
  LD      arch/arm/mach-msm/built-in.o
  CC      arch/arm/vfp/vfpmodule.o
  AS      arch/arm/vfp/entry.o
  AS      arch/arm/vfp/vfphw.o
  CC      arch/arm/vfp/vfpsingle.o
  CC      arch/arm/vfp/vfpdouble.o
  LD      arch/arm/vfp/vfp.o
  LD      arch/arm/vfp/built-in.o
  CC      kernel/sched.o
  CC      kernel/fork.o
  CC      kernel/exec_domain.o
  CC      kernel/panic.o
  CC      kernel/printk.o
  CC      kernel/cpu.o
  CC      kernel/exit.o
  CC      kernel/itimer.o
  TIMEC   kernel/timeconst.h
  CC      kernel/time.o
  CC      kernel/softirq.o
  CC      kernel/resource.o
  CC      kernel/sysctl.o
  CC      kernel/sysctl_binary.o
  CC      kernel/capability.o
  CC      kernel/ptrace.o
  CC      kernel/timer.o
  CC      kernel/user.o
  CC      kernel/signal.o
  CC      kernel/sys.o
  CC      kernel/kmod.o
  CC      kernel/workqueue.o
  CC      kernel/pid.o
  CC      kernel/rcupdate.o
  CC      kernel/extable.o
  CC      kernel/params.o
  CC      kernel/posix-timers.o
  CC      kernel/kthread.o
  CC      kernel/wait.o
  CC      kernel/kfifo.o
  CC      kernel/sys_ni.o
  CC      kernel/posix-cpu-timers.o
  CC      kernel/mutex.o
  CC      kernel/hrtimer.o
  CC      kernel/rwsem.o
  CC      kernel/nsproxy.o
  CC      kernel/srcu.o
  CC      kernel/semaphore.o
  CC      kernel/notifier.o
  CC      kernel/ksysfs.o
  CC      kernel/pm_qos_params.o
  CC      kernel/sched_clock.o
  CC      kernel/cred.o
  CC      kernel/async.o
  CC      kernel/range.o
  CC      kernel/groups.o
  CC      kernel/freezer.o
  CC      kernel/stacktrace.o
  CC      kernel/irq/handle.o
  CC      kernel/irq/manage.o
  CC      kernel/irq/spurious.o
  CC      kernel/irq/resend.o
  CC      kernel/irq/chip.o
  CC      kernel/irq/devres.o
  CC      kernel/irq/autoprobe.o
  CC      kernel/irq/proc.o
  CC      kernel/irq/pm.o
  LD      kernel/irq/built-in.o
  CC      kernel/power/main.o
  CC      kernel/power/console.o
  CC      kernel/power/process.o
  CC      kernel/power/suspend.o
  CC      kernel/power/nvs.o
  CC      kernel/power/wakelock.o
  CC      kernel/power/userwakelock.o
  CC      kernel/power/earlysuspend.o
  CC      kernel/power/fbearlysuspend.o
  CC      kernel/power/poweroff.o
  LD      kernel/power/built-in.o
  CC      kernel/time/timekeeping.o
  CC      kernel/time/ntp.o
  CC      kernel/time/clocksource.o
  CC      kernel/time/jiffies.o
  CC      kernel/time/timer_list.o
  CC      kernel/time/timecompare.o
  CC      kernel/time/timeconv.o
  CC      kernel/time/clockevents.o
  CC      kernel/time/tick-common.o
  CC      kernel/time/tick-oneshot.o
  CC      kernel/time/tick-sched.o
  CC      kernel/time/timer_stats.o
  LD      kernel/time/built-in.o
  CC      kernel/futex.o
  CC      kernel/rtmutex.o
  CC      kernel/up.o
  CC      kernel/uid16.o
  CC      kernel/module.o
  CC      kernel/kallsyms.o
  CC      kernel/cgroup.o
kernel/cgroup.c: In function 'cgroup_load_subsys':
kernel/cgroup.c:3661: warning: array subscript is below array bounds
  GZIP    kernel/config_data.gz
  IKCFG   kernel/config_data.h
  CC      kernel/configs.o
  CC      kernel/softlockup.o
  CC      kernel/hung_task.o
  CC      kernel/rcutree.o
  CC      kernel/utsname_sysctl.o
  CC      kernel/elfcore.o
  CC      kernel/slow-work.o
  LD      kernel/built-in.o
  CC      mm/bootmem.o
  CC      mm/filemap.o
  CC      mm/mempool.o
  CC      mm/oom_kill.o
  CC      mm/fadvise.o
  CC      mm/maccess.o
  CC      mm/page_alloc.o
  CC      mm/page-writeback.o
  CC      mm/readahead.o
  CC      mm/swap.o
  CC      mm/truncate.o
  CC      mm/vmscan.o
  CC      mm/shmem.o
  CC      mm/prio_tree.o
  CC      mm/util.o
  CC      mm/mmzone.o
  CC      mm/vmstat.o
  CC      mm/backing-dev.o
  CC      mm/page_isolation.o
  CC      mm/mm_init.o
  CC      mm/mmu_context.o
  CC      mm/fremap.o
  CC      mm/highmem.o
  CC      mm/madvise.o
  CC      mm/memory.o
  CC      mm/mincore.o
  CC      mm/mlock.o
  CC      mm/mmap.o
  CC      mm/mprotect.o
  CC      mm/mremap.o
  CC      mm/msync.o
  CC      mm/rmap.o
  CC      mm/vmalloc.o
  CC      mm/pagewalk.o
  CC      mm/init-mm.o
  CC      mm/bounce.o
  CC      mm/page_io.o
  CC      mm/swap_state.o
  CC      mm/swapfile.o
  CC      mm/thrash.o
  CC      mm/dmapool.o
  CC      mm/ashmem.o
  CC      mm/slab.o
  CC      mm/percpu_up.o
  LD      mm/built-in.o
  CC      fs/open.o
  CC      fs/read_write.o
  CC      fs/file_table.o
  CC      fs/super.o
  CC      fs/char_dev.o
  CC      fs/stat.o
  CC      fs/exec.o
  CC      fs/pipe.o
  CC      fs/namei.o
  CC      fs/fcntl.o
  CC      fs/ioctl.o
  CC      fs/readdir.o
  CC      fs/select.o
  CC      fs/fifo.o
  CC      fs/dcache.o
  CC      fs/inode.o
  CC      fs/attr.o
  CC      fs/bad_inode.o
  CC      fs/file.o
  CC      fs/filesystems.o
  CC      fs/namespace.o
  CC      fs/seq_file.o
  CC      fs/xattr.o
  CC      fs/libfs.o
  CC      fs/fs-writeback.o
  CC      fs/pnode.o
  CC      fs/drop_caches.o
  CC      fs/splice.o
  CC      fs/sync.o
  CC      fs/utimes.o
  CC      fs/stack.o
  CC      fs/fs_struct.o
  CC      fs/statfs.o
  CC      fs/buffer.o
  CC      fs/bio.o
  CC      fs/block_dev.o
  CC      fs/direct-io.o
  CC      fs/mpage.o
  CC      fs/ioprio.o
  LD      fs/cifs/built-in.o
  CC [M]  fs/cifs/cifsfs.o
  CC [M]  fs/cifs/cifssmb.o
  CC [M]  fs/cifs/cifs_debug.o
  CC [M]  fs/cifs/connect.o
  CC [M]  fs/cifs/dir.o
  CC [M]  fs/cifs/file.o
  CC [M]  fs/cifs/inode.o
  CC [M]  fs/cifs/link.o
  CC [M]  fs/cifs/misc.o
  CC [M]  fs/cifs/netmisc.o
  CC [M]  fs/cifs/smbdes.o
  CC [M]  fs/cifs/smbencrypt.o
  CC [M]  fs/cifs/transport.o
  CC [M]  fs/cifs/asn1.o
  CC [M]  fs/cifs/md4.o
  CC [M]  fs/cifs/md5.o
  CC [M]  fs/cifs/cifs_unicode.o
  CC [M]  fs/cifs/nterr.o
  CC [M]  fs/cifs/xattr.o
  CC [M]  fs/cifs/cifsencrypt.o
  CC [M]  fs/cifs/readdir.o
  CC [M]  fs/cifs/ioctl.o
  CC [M]  fs/cifs/sess.o
  CC [M]  fs/cifs/export.o
  CC [M]  fs/cifs/cifsacl.o
  LD [M]  fs/cifs/cifs.o
  CC      fs/debugfs/inode.o
  CC      fs/debugfs/file.o
  LD      fs/debugfs/debugfs.o
  LD      fs/debugfs/built-in.o
  CC      fs/devpts/inode.o
  LD      fs/devpts/devpts.o
  LD      fs/devpts/built-in.o
  CC      fs/exportfs/expfs.o
  LD      fs/exportfs/exportfs.o
  LD      fs/exportfs/built-in.o
  CC      fs/ext2/balloc.o
  CC      fs/ext2/dir.o
  CC      fs/ext2/file.o
  CC      fs/ext2/ialloc.o
  CC      fs/ext2/inode.o
  CC      fs/ext2/ioctl.o
  CC      fs/ext2/namei.o
  CC      fs/ext2/super.o
  CC      fs/ext2/symlink.o
  LD      fs/ext2/ext2.o
  LD      fs/ext2/built-in.o
  CC      fs/ext3/balloc.o
  CC      fs/ext3/bitmap.o
  CC      fs/ext3/dir.o
  CC      fs/ext3/file.o
  CC      fs/ext3/fsync.o
  CC      fs/ext3/ialloc.o
  CC      fs/ext3/inode.o
  CC      fs/ext3/ioctl.o
  CC      fs/ext3/namei.o
  CC      fs/ext3/super.o
  CC      fs/ext3/symlink.o
  CC      fs/ext3/hash.o
  CC      fs/ext3/resize.o
  CC      fs/ext3/ext3_jbd.o
  CC      fs/ext3/xattr.o
  CC      fs/ext3/xattr_user.o
  CC      fs/ext3/xattr_trusted.o
  LD      fs/ext3/ext3.o
  LD      fs/ext3/built-in.o
  CC      fs/ext4/balloc.o
  CC      fs/ext4/bitmap.o
  CC      fs/ext4/dir.o
  CC      fs/ext4/file.o
  CC      fs/ext4/fsync.o
  CC      fs/ext4/ialloc.o
  CC      fs/ext4/inode.o
  CC      fs/ext4/ioctl.o
  CC      fs/ext4/namei.o
  CC      fs/ext4/super.o
  CC      fs/ext4/symlink.o
  CC      fs/ext4/hash.o
  CC      fs/ext4/resize.o
  CC      fs/ext4/extents.o
  CC      fs/ext4/ext4_jbd2.o
  CC      fs/ext4/migrate.o
  CC      fs/ext4/mballoc.o
  CC      fs/ext4/block_validity.o
  CC      fs/ext4/move_extent.o
  CC      fs/ext4/xattr.o
  CC      fs/ext4/xattr_user.o
  CC      fs/ext4/xattr_trusted.o
  LD      fs/ext4/ext4.o
  LD      fs/ext4/built-in.o
  CC      fs/fat/cache.o
  CC      fs/fat/dir.o
  CC      fs/fat/fatent.o
  CC      fs/fat/file.o
  CC      fs/fat/inode.o
  CC      fs/fat/misc.o
  CC      fs/fat/namei_vfat.o
  LD      fs/fat/fat.o
  LD      fs/fat/vfat.o
  LD      fs/fat/built-in.o
  CC      fs/fuse/dev.o
  CC      fs/fuse/dir.o
  CC      fs/fuse/file.o
  CC      fs/fuse/inode.o
  CC      fs/fuse/control.o
  LD      fs/fuse/fuse.o
  LD      fs/fuse/built-in.o
  CC      fs/jbd/transaction.o
  CC      fs/jbd/commit.o
  CC      fs/jbd/recovery.o
  CC      fs/jbd/checkpoint.o
  CC      fs/jbd/revoke.o
  CC      fs/jbd/journal.o
  LD      fs/jbd/jbd.o
  LD      fs/jbd/built-in.o
  CC      fs/jbd2/transaction.o
  CC      fs/jbd2/commit.o
  CC      fs/jbd2/recovery.o
  CC      fs/jbd2/checkpoint.o
  CC      fs/jbd2/revoke.o
  CC      fs/jbd2/journal.o
  LD      fs/jbd2/jbd2.o
  LD      fs/jbd2/built-in.o
  CC      fs/lockd/clntlock.o
  CC      fs/lockd/clntproc.o
  CC      fs/lockd/host.o
  CC      fs/lockd/svc.o
  CC      fs/lockd/svclock.o
  CC      fs/lockd/svcshare.o
  CC      fs/lockd/svcproc.o
  CC      fs/lockd/svcsubs.o
  CC      fs/lockd/mon.o
  CC      fs/lockd/xdr.o
  CC      fs/lockd/grace.o
  CC      fs/lockd/xdr4.o
  CC      fs/lockd/svc4proc.o
  LD      fs/lockd/lockd.o
  LD      fs/lockd/built-in.o
  CC      fs/nfs/client.o
  CC      fs/nfs/dir.o
  CC      fs/nfs/file.o
  CC      fs/nfs/getroot.o
  CC      fs/nfs/inode.o
  CC      fs/nfs/super.o
  CC      fs/nfs/nfs2xdr.o
  CC      fs/nfs/direct.o
  CC      fs/nfs/pagelist.o
  CC      fs/nfs/proc.o
  CC      fs/nfs/read.o
  CC      fs/nfs/symlink.o
  CC      fs/nfs/unlink.o
  CC      fs/nfs/write.o
  CC      fs/nfs/namespace.o
  CC      fs/nfs/mount_clnt.o
  CC      fs/nfs/dns_resolve.o
  CC      fs/nfs/cache_lib.o
  CC      fs/nfs/nfs3proc.o
  CC      fs/nfs/nfs3xdr.o
  CC      fs/nfs/nfs3acl.o
  CC      fs/nfs/nfs4proc.o
  CC      fs/nfs/nfs4xdr.o
  CC      fs/nfs/nfs4state.o
  CC      fs/nfs/nfs4renewd.o
  CC      fs/nfs/delegation.o
  CC      fs/nfs/idmap.o
  CC      fs/nfs/callback.o
  CC      fs/nfs/callback_xdr.o
  CC      fs/nfs/callback_proc.o
  CC      fs/nfs/nfs4namespace.o
  CC      fs/nfs/sysctl.o
  LD      fs/nfs/nfs.o
  LD      fs/nfs/built-in.o
  CC      fs/nfs_common/nfsacl.o
  LD      fs/nfs_common/nfs_acl.o
  LD      fs/nfs_common/built-in.o
  CC      fs/nfsd/nfssvc.o
  CC      fs/nfsd/nfsctl.o
  CC      fs/nfsd/nfsproc.o
  CC      fs/nfsd/nfsfh.o
  CC      fs/nfsd/vfs.o
  CC      fs/nfsd/export.o
  CC      fs/nfsd/auth.o
  CC      fs/nfsd/lockd.o
  CC      fs/nfsd/nfscache.o
  CC      fs/nfsd/nfsxdr.o
  CC      fs/nfsd/stats.o
  CC      fs/nfsd/nfs2acl.o
  CC      fs/nfsd/nfs3proc.o
  CC      fs/nfsd/nfs3xdr.o
  CC      fs/nfsd/nfs3acl.o
  CC      fs/nfsd/nfs4proc.o
  CC      fs/nfsd/nfs4xdr.o
  CC      fs/nfsd/nfs4state.o
  CC      fs/nfsd/nfs4idmap.o
  CC      fs/nfsd/nfs4acl.o
  CC      fs/nfsd/nfs4callback.o
  CC      fs/nfsd/nfs4recover.o
  LD      fs/nfsd/nfsd.o
  LD      fs/nfsd/built-in.o
  CC      fs/nls/nls_base.o
  CC      fs/nls/nls_cp437.o
  CC      fs/nls/nls_iso8859-1.o
  CC      fs/nls/nls_utf8.o
  LD      fs/nls/built-in.o
  CC      fs/notify/fsnotify.o
  CC      fs/notify/notification.o
  CC      fs/notify/group.o
  CC      fs/notify/inode_mark.o
  LD      fs/notify/dnotify/built-in.o
  CC      fs/notify/inotify/inotify.o
  CC      fs/notify/inotify/inotify_fsnotify.o
  CC      fs/notify/inotify/inotify_user.o
  LD      fs/notify/inotify/built-in.o
  LD      fs/notify/built-in.o
  CC      fs/partitions/check.o
  CC      fs/partitions/msdos.o
  LD      fs/partitions/built-in.o
  CC      fs/proc/mmu.o
  CC      fs/proc/task_mmu.o
  CC      fs/proc/inode.o
  CC      fs/proc/root.o
  CC      fs/proc/base.o
  CC      fs/proc/generic.o
  CC      fs/proc/array.o
  CC      fs/proc/proc_tty.o
  CC      fs/proc/cmdline.o
  CC      fs/proc/cpuinfo.o
  CC      fs/proc/devices.o
  CC      fs/proc/interrupts.o
  CC      fs/proc/loadavg.o
  CC      fs/proc/meminfo.o
  CC      fs/proc/stat.o
  CC      fs/proc/uptime.o
  CC      fs/proc/version.o
  CC      fs/proc/softirqs.o
  CC      fs/proc/proc_sysctl.o
  CC      fs/proc/proc_net.o
  CC      fs/proc/kmsg.o
  CC      fs/proc/page.o
  LD      fs/proc/proc.o
  LD      fs/proc/built-in.o
  LD      fs/quota/built-in.o
  CC      fs/ramfs/inode.o
  CC      fs/ramfs/file-mmu.o
  LD      fs/ramfs/ramfs.o
  LD      fs/ramfs/built-in.o
  CC      fs/sysfs/inode.o
  CC      fs/sysfs/file.o
  CC      fs/sysfs/dir.o
  CC      fs/sysfs/symlink.o
  CC      fs/sysfs/mount.o
  CC      fs/sysfs/bin.o
  CC      fs/sysfs/group.o
  LD      fs/sysfs/built-in.o
  CC      fs/yaffs2/yaffs_ecc.o
  CC      fs/yaffs2/yaffs_fs.o
  CC      fs/yaffs2/yaffs_guts.o
  CC      fs/yaffs2/yaffs_checkptrw.o
  CC      fs/yaffs2/yaffs_packedtags1.o
  CC      fs/yaffs2/yaffs_packedtags2.o
  CC      fs/yaffs2/yaffs_nand.o
  CC      fs/yaffs2/yaffs_qsort.o
  CC      fs/yaffs2/yaffs_tagscompat.o
  CC      fs/yaffs2/yaffs_tagsvalidity.o
  CC      fs/yaffs2/yaffs_mtdif.o
  CC      fs/yaffs2/yaffs_mtdif1.o
  CC      fs/yaffs2/yaffs_mtdif2.o
  LD      fs/yaffs2/yaffs.o
  LD      fs/yaffs2/built-in.o
  CC      fs/eventpoll.o
  CC      fs/anon_inodes.o
  CC      fs/signalfd.o
  CC      fs/timerfd.o
  CC      fs/eventfd.o
  CC      fs/aio.o
  CC      fs/locks.o
  CC      fs/nfsctl.o
  CC      fs/binfmt_script.o
  CC      fs/binfmt_elf.o
  CC      fs/mbcache.o
  CC      fs/posix_acl.o
  CC      fs/xattr_acl.o
  LD      fs/built-in.o
  LD      ipc/built-in.o
  CC      security/commoncap.o
  CC      security/min_addr.o
  LD      security/built-in.o
  CC      crypto/api.o
  CC      crypto/cipher.o
  CC      crypto/compress.o
  CC      crypto/algapi.o
  CC      crypto/scatterwalk.o
  CC      crypto/proc.o
  CC      crypto/ablkcipher.o
  CC      crypto/blkcipher.o
  CC      crypto/ahash.o
  CC      crypto/shash.o
  CC      crypto/algboss.o
  CC      crypto/testmgr.o
  LD      crypto/crypto.o
  CC      crypto/crypto_wq.o
  LD      crypto/crypto_algapi.o
  CC      crypto/aead.o
  LD      crypto/crypto_blkcipher.o
  CC      crypto/chainiv.o
  CC      crypto/eseqiv.o
  LD      crypto/crypto_hash.o
  CC      crypto/pcompress.o
  LD      crypto/cryptomgr.o
  CC      crypto/hmac.o
  CC      crypto/md5.o
  CC      crypto/sha1_generic.o
  CC      crypto/ecb.o
  CC      crypto/cbc.o
  CC      crypto/des_generic.o
  CC      crypto/twofish.o
  CC      crypto/twofish_common.o
  CC      crypto/aes_generic.o
  CC      crypto/arc4.o
  CC      crypto/deflate.o
  CC      crypto/crc32c.o
  CC      crypto/authenc.o
  CC      crypto/rng.o
  CC      crypto/krng.o
  LD      crypto/built-in.o
  CC      block/elevator.o
  CC      block/blk-core.o
  CC      block/blk-tag.o
  CC      block/blk-sysfs.o
  CC      block/blk-barrier.o
  CC      block/blk-settings.o
  CC      block/blk-ioc.o
  CC      block/blk-map.o
  CC      block/blk-exec.o
  CC      block/blk-merge.o
  CC      block/blk-softirq.o
  CC      block/blk-timeout.o
  CC      block/blk-iopoll.o
  CC      block/blk-lib.o
  CC      block/ioctl.o
  CC      block/genhd.o
  CC      block/scsi_ioctl.o
  CC      block/noop-iosched.o
  CC      block/deadline-iosched.o
  CC      block/cfq-iosched.o
  LD      block/built-in.o
  LD      drivers/auxdisplay/built-in.o
  CC      drivers/base/core.o
  CC      drivers/base/sys.o
  CC      drivers/base/bus.o
  CC      drivers/base/dd.o
  CC      drivers/base/driver.o
  CC      drivers/base/class.o
  CC      drivers/base/platform.o
  CC      drivers/base/cpu.o
  CC      drivers/base/firmware.o
  CC      drivers/base/init.o
  CC      drivers/base/map.o
  CC      drivers/base/devres.o
  CC      drivers/base/attribute_container.o
  CC      drivers/base/transport_class.o
  CC      drivers/base/power/sysfs.o
  CC      drivers/base/power/main.o
  CC      drivers/base/power/generic_ops.o
  LD      drivers/base/power/built-in.o
  CC      drivers/base/dma-mapping.o
  CC      drivers/base/dma-coherent.o
  CC      drivers/base/firmware_class.o
  CC      drivers/base/module.o
  LD      drivers/base/built-in.o
  CC      drivers/block/loop.o
  LD      drivers/block/built-in.o
  CC      drivers/bluetooth/hci_ldisc.o
  CC      drivers/bluetooth/hci_h4.o
  CC      drivers/bluetooth/hci_ll.o
  LD      drivers/bluetooth/hci_uart.o
  LD      drivers/bluetooth/built-in.o
  LD      drivers/cdrom/built-in.o
  CC      drivers/char/mem.o
  CC      drivers/char/random.o
  CC      drivers/char/tty_io.o
  CC      drivers/char/n_tty.o
  CC      drivers/char/tty_ioctl.o
  CC      drivers/char/tty_ldisc.o
  CC      drivers/char/tty_buffer.o
  CC      drivers/char/tty_port.o
  CC      drivers/char/pty.o
  CC      drivers/char/misc.o
  CC      drivers/char/vt_ioctl.o
  CC      drivers/char/vc_screen.o
  CC      drivers/char/selection.o
  CC      drivers/char/keyboard.o
  CC      drivers/char/consolemap.o
  CONMK   drivers/char/consolemap_deftbl.c
  CC      drivers/char/consolemap_deftbl.o
  CC      drivers/char/vt.o
  SHIPPED drivers/char/defkeymap.c
  CC      drivers/char/defkeymap.o
  CC      drivers/char/sysrq.o
  LD      drivers/char/built-in.o
  LD      drivers/clocksource/built-in.o
  CC      drivers/cpufreq/cpufreq.o
  CC      drivers/cpufreq/cpufreq_stats.o
  CC      drivers/cpufreq/cpufreq_performance.o
  CC      drivers/cpufreq/cpufreq_powersave.o
  CC      drivers/cpufreq/cpufreq_userspace.o
  CC      drivers/cpufreq/cpufreq_ondemand.o
  CC      drivers/cpufreq/cpufreq_conservative.o
  CC      drivers/cpufreq/cpufreq_interactive.o
  CC      drivers/cpufreq/cpufreq_smartass2.o
  CC      drivers/cpufreq/freq_table.o
  LD      drivers/cpufreq/built-in.o
  LD      drivers/crypto/built-in.o
  LD      drivers/firmware/built-in.o
  CC      drivers/gpio/gpiolib.o
  LD      drivers/gpio/built-in.o
  LD      drivers/gpu/drm/i2c/built-in.o
  LD      drivers/gpu/drm/built-in.o
  LD      drivers/gpu/vga/built-in.o
  LD      drivers/gpu/built-in.o
  CC      drivers/hid/hid-core.o
  CC      drivers/hid/hid-input.o
  CC      drivers/hid/hid-debug.o
  LD      drivers/hid/hid.o
  CC      drivers/hid/hid-apple.o
  LD      drivers/hid/built-in.o
  CC      drivers/i2c/i2c-boardinfo.o
  CC      drivers/i2c/i2c-core.o
  LD      drivers/i2c/algos/built-in.o
  CC      drivers/i2c/busses/i2c-msm.o
  LD      drivers/i2c/busses/built-in.o
  CC      drivers/i2c/chips/akm8973.o
  CC      drivers/i2c/chips/adp1650_flashlight.o
  LD      drivers/i2c/chips/built-in.o
  LD      drivers/i2c/built-in.o
  LD      drivers/idle/built-in.o
  LD      drivers/ieee1394/built-in.o
  LD      drivers/ieee802154/built-in.o
  CC      drivers/input/input.o
  CC      drivers/input/input-compat.o
  CC      drivers/input/ff-core.o
  LD      drivers/input/input-core.o
  CC      drivers/input/evdev.o
  CC      drivers/input/misc/gpio_event.o
  CC      drivers/input/misc/gpio_matrix.o
  CC      drivers/input/misc/gpio_input.o
  CC      drivers/input/misc/gpio_output.o
  CC      drivers/input/misc/gpio_axis.o
  CC      drivers/input/misc/gpio_switch.o
  CC      drivers/input/misc/keychord.o
  CC      drivers/input/misc/uinput.o
  LD      drivers/input/misc/built-in.o
  CC      drivers/input/touchscreen/msm_ts.o
drivers/input/touchscreen/msm_ts.c:173: warning: 'dump_tssc_regs' defined but not used
  CC      drivers/input/touchscreen/synaptics_i2c_rmi.o
  LD      drivers/input/touchscreen/built-in.o
  CC      drivers/input/keyreset.o
  LD      drivers/input/built-in.o
  CC      drivers/leds/led-core.o
  CC      drivers/leds/led-class.o
  CC      drivers/leds/led-triggers.o
  CC      drivers/leds/leds-gpio.o
  CC      drivers/leds/leds-cpld.o
  CC      drivers/leds/leds-microp.o
  CC      drivers/leds/ledtrig-timer.o
  CC      drivers/leds/ledtrig-heartbeat.o
  CC      drivers/leds/ledtrig-sleep.o
  LD      drivers/leds/built-in.o
  LD      drivers/lguest/built-in.o
  LD      drivers/macintosh/built-in.o
  CC      drivers/md/dm-uevent.o
  CC      drivers/md/dm.o
  CC      drivers/md/dm-table.o
  CC      drivers/md/dm-target.o
  CC      drivers/md/dm-linear.o
  CC      drivers/md/dm-stripe.o
  CC      drivers/md/dm-ioctl.o
  CC      drivers/md/dm-io.o
  CC      drivers/md/dm-kcopyd.o
  CC      drivers/md/dm-sysfs.o
  LD      drivers/md/dm-mod.o
  CC      drivers/md/dm-crypt.o
  LD      drivers/md/built-in.o
  LD      drivers/media/IR/keymaps/built-in.o
  LD      drivers/media/IR/built-in.o
  LD      drivers/media/common/tuners/built-in.o
  LD      drivers/media/common/built-in.o
  CC      drivers/media/video/msm/msm_camera.o
  CC      drivers/media/video/msm/s5k3e2fx.o
  CC      drivers/media/video/msm/msm_vfe8x.o
  CC      drivers/media/video/msm/msm_vfe8x_proc.o
  CC      drivers/media/video/msm/msm_io8x.o
  LD      drivers/media/video/msm/built-in.o
  LD      drivers/media/video/built-in.o
  LD      drivers/media/built-in.o
  LD      drivers/mfd/built-in.o
  CC      drivers/misc/pmem.o
  CC      drivers/misc/kernel_debugger.o
  CC      drivers/misc/uid_stat.o
  LD      drivers/misc/cb710/built-in.o
  LD      drivers/misc/eeprom/built-in.o
  LD      drivers/misc/mpu3050/built-in.o
  LD      drivers/misc/built-in.o
  CC      drivers/mmc/card/block.o
  CC      drivers/mmc/card/queue.o
  LD      drivers/mmc/card/mmc_block.o
  LD      drivers/mmc/card/built-in.o
  CC      drivers/mmc/core/core.o
  CC      drivers/mmc/core/bus.o
  CC      drivers/mmc/core/host.o
  CC      drivers/mmc/core/mmc.o
  CC      drivers/mmc/core/mmc_ops.o
  CC      drivers/mmc/core/sd.o
  CC      drivers/mmc/core/sd_ops.o
  CC      drivers/mmc/core/sdio.o
  CC      drivers/mmc/core/sdio_ops.o
  CC      drivers/mmc/core/sdio_bus.o
  CC      drivers/mmc/core/sdio_cis.o
  CC      drivers/mmc/core/sdio_io.o
  CC      drivers/mmc/core/sdio_irq.o
  CC      drivers/mmc/core/debugfs.o
  LD      drivers/mmc/core/mmc_core.o
  LD      drivers/mmc/core/built-in.o
  CC      drivers/mmc/host/msm_sdcc.o
  LD      drivers/mmc/host/built-in.o
  LD      drivers/mmc/built-in.o
  CC      drivers/mtd/mtdcore.o
  CC      drivers/mtd/mtdsuper.o
  CC      drivers/mtd/mtdbdi.o
  CC      drivers/mtd/mtdpart.o
  LD      drivers/mtd/mtd.o
  CC      drivers/mtd/cmdlinepart.o
  CC      drivers/mtd/mtdchar.o
  CC      drivers/mtd/mtd_blkdevs.o
  CC      drivers/mtd/mtdblock.o
  CC      drivers/mtd/chips/chipreg.o
  LD      drivers/mtd/chips/built-in.o
  CC      drivers/mtd/devices/htcleo_nand.o
  LD      drivers/mtd/devices/built-in.o
  LD      drivers/mtd/lpddr/built-in.o
  LD      drivers/mtd/maps/built-in.o
  CC      drivers/mtd/nand/nand_ids.o
  LD      drivers/mtd/nand/built-in.o
  LD      drivers/mtd/onenand/built-in.o
  LD      drivers/mtd/tests/built-in.o
  LD      drivers/mtd/built-in.o
  CC      drivers/net/mii.o
  CC      drivers/net/Space.o
  CC      drivers/net/loopback.o
  CC      drivers/net/ppp_generic.o
  CC      drivers/net/ppp_async.o
  CC      drivers/net/ppp_deflate.o
  CC      drivers/net/bsd_comp.o
  CC      drivers/net/ppp_mppe.o
  CC      drivers/net/pppox.o
  CC      drivers/net/pppolac.o
  CC      drivers/net/pppopns.o
  CC      drivers/net/slhc.o
  CC      drivers/net/dummy.o
  CC      drivers/net/ifb.o
  CC      drivers/net/tun.o
  CC      drivers/net/smc91x.o
  LD      drivers/net/arm/built-in.o
  LD      drivers/net/wireless/built-in.o
  LD      drivers/net/wireless/bcm4329/built-in.o
  CC [M]  drivers/net/wireless/bcm4329/dhd_linux.o
  CC [M]  drivers/net/wireless/bcm4329/linux_osl.o
  CC [M]  drivers/net/wireless/bcm4329/bcmutils.o
  CC [M]  drivers/net/wireless/bcm4329/dhd_common.o
  CC [M]  drivers/net/wireless/bcm4329/dhd_custom_gpio.o
  CC [M]  drivers/net/wireless/bcm4329/wl_iw.o
  CC [M]  drivers/net/wireless/bcm4329/siutils.o
  CC [M]  drivers/net/wireless/bcm4329/sbutils.o
  CC [M]  drivers/net/wireless/bcm4329/aiutils.o
  CC [M]  drivers/net/wireless/bcm4329/hndpmu.o
  CC [M]  drivers/net/wireless/bcm4329/bcmwifi.o
  CC [M]  drivers/net/wireless/bcm4329/dhd_sdio.o
  CC [M]  drivers/net/wireless/bcm4329/dhd_linux_sched.o
  CC [M]  drivers/net/wireless/bcm4329/dhd_cdc.o
  CC [M]  drivers/net/wireless/bcm4329/bcmsdh_sdmmc.o
  CC [M]  drivers/net/wireless/bcm4329/bcmsdh.o
  CC [M]  drivers/net/wireless/bcm4329/bcmsdh_linux.o
  CC [M]  drivers/net/wireless/bcm4329/bcmsdh_sdmmc_linux.o
  LD [M]  drivers/net/wireless/bcm4329/bcm4329.o
  CC      drivers/net/msm_rmnet.o
  LD      drivers/net/built-in.o
  LD      drivers/platform/built-in.o
  CC      drivers/power/power_supply_core.o
  CC      drivers/power/power_supply_sysfs.o
  CC      drivers/power/power_supply_leds.o
  LD      drivers/power/power_supply.o
  CC      drivers/power/ds2746_battery.o
drivers/power/ds2746_battery.c: In function 'ds2746_battery_work':
drivers/power/ds2746_battery.c:1091: warning: ISO C90 forbids mixed declarations and code
drivers/power/ds2746_battery.c: In function 'ds2746_battery_alarm':
drivers/power/ds2746_battery.c:1117: warning: ISO C90 forbids mixed declarations and code
  CC      drivers/power/ds2746_param.o
  LD      drivers/power/built-in.o
  CC      drivers/regulator/core.o
drivers/regulator/core.c:2603: warning: 'regulator_debug_create_directory' defined but not used
  CC      drivers/regulator/tps65023-regulator.o
drivers/regulator/tps65023-regulator.c: In function 'tps_65023_probe':
drivers/regulator/tps65023-regulator.c:517: warning: unused variable 'error'
  LD      drivers/regulator/built-in.o
  CC      drivers/rtc/rtc-lib.o
  CC      drivers/rtc/hctosys.o
  CC      drivers/rtc/class.o
  CC      drivers/rtc/interface.o
  LD      drivers/rtc/rtc-core.o
  CC      drivers/rtc/alarm.o
  CC      drivers/rtc/alarm-dev.o
  CC      drivers/rtc/rtc-msm7x00a.o
  LD      drivers/rtc/built-in.o
  CC      drivers/serial/serial_core.o
  CC      drivers/serial/bcm_bt_lpm.o
  CC      drivers/serial/msm_serial.o
  CC      drivers/serial/msm_serial_hs.o
  CC      drivers/serial/msm_serial_hs_ti.o
  CC      drivers/serial/msm_serial_hs_bcm.o
  CC      drivers/serial/msm_serial_hs_brcm.o
  LD      drivers/serial/built-in.o
  CC      drivers/spi/spi.o
  CC      drivers/spi/spi_qsd_lagacy.o
drivers/spi/spi_qsd_lagacy.c:248: warning: 'msm_spi_suspend' defined but not used
drivers/spi/spi_qsd_lagacy.c:255: warning: 'msm_spi_resume' defined but not used
  LD      drivers/spi/built-in.o
  CC      drivers/staging/staging.o
  CC      drivers/staging/android/binder.o
  CC      drivers/staging/android/logger.o
  CC      drivers/staging/android/ram_console.o
  CC      drivers/staging/android/timed_output.o
  CC      drivers/staging/android/timed_gpio.o
  CC      drivers/staging/android/lowmemorykiller.o
  LD      drivers/staging/android/built-in.o
  LD      drivers/staging/built-in.o
  CC      drivers/switch/switch_class.o
  CC      drivers/switch/switch_gpio.o
  LD      drivers/switch/built-in.o
  CC      drivers/usb/gadget/msm72k_udc.o
  CC      drivers/usb/gadget/android.o
  CC      drivers/usb/gadget/f_adb.o
  CC      drivers/usb/gadget/f_mass_storage.o
  CC      drivers/usb/gadget/f_rndis.o
  CC      drivers/usb/gadget/u_ether.o
  LD      drivers/usb/gadget/built-in.o
  CC      drivers/usb/otg/otg.o
  LD      drivers/usb/otg/built-in.o
  CC      drivers/video/fb_notify.o
  CC      drivers/video/fbmem.o
  CC      drivers/video/fbmon.o
  CC      drivers/video/fbcmap.o
  CC      drivers/video/fbsysfs.o
  CC      drivers/video/modedb.o
  CC      drivers/video/fbcvt.o
  LD      drivers/video/fb.o
  LD      drivers/video/backlight/built-in.o
  CC      drivers/video/console/dummycon.o
  LD      drivers/video/console/built-in.o
  LD      drivers/video/display/built-in.o
  CC      drivers/video/logo/logo.o
  LOGO    drivers/video/logo/logo_linux_clut224.c
  CC      drivers/video/logo/logo_linux_clut224.o
  LD      drivers/video/logo/built-in.o
  LOGO    drivers/video/logo/logo_linux_mono.c
  LOGO    drivers/video/logo/logo_superh_mono.c
  LOGO    drivers/video/logo/clut_vga16.c
  LOGO    drivers/video/logo/logo_blackfin_vga16.c
  LOGO    drivers/video/logo/logo_linux_vga16.c
  LOGO    drivers/video/logo/logo_superh_vga16.c
  LOGO    drivers/video/logo/logo_blackfin_clut224.c
  LOGO    drivers/video/logo/logo_dec_clut224.c
  LOGO    drivers/video/logo/logo_m32r_clut224.c
  LOGO    drivers/video/logo/logo_mac_clut224.c
  LOGO    drivers/video/logo/logo_parisc_clut224.c
  LOGO    drivers/video/logo/logo_sgi_clut224.c
  LOGO    drivers/video/logo/logo_spe_clut224.c
  LOGO    drivers/video/logo/logo_sun_clut224.c
  LOGO    drivers/video/logo/logo_superh_clut224.c
  CC      drivers/video/msm/msm_fb.o
  CC      drivers/video/msm/logo.o
  CC      drivers/video/msm/mdp.o
  CC      drivers/video/msm/mdp_hw_legacy.o
  CC      drivers/video/msm/mdp_ppp.o
  CC      drivers/video/msm/mdp_ppp31.o
  CC      drivers/video/msm/mddi.o
  CC      drivers/video/msm/mddi_client_dummy.o
  CC      drivers/video/msm/mddi_client_toshiba.o
  CC      drivers/video/msm/mdp_lcdc.o
  CC      drivers/video/msm/gpu/kgsl/kgsl_drawctxt.o
  CC      drivers/video/msm/gpu/kgsl/kgsl_cmdstream.o
  CC      drivers/video/msm/gpu/kgsl/kgsl.o
  CC      drivers/video/msm/gpu/kgsl/kgsl_log.o
  CC      drivers/video/msm/gpu/kgsl/kgsl_mmu.o
  CC      drivers/video/msm/gpu/kgsl/kgsl_ringbuffer.o
  CC      drivers/video/msm/gpu/kgsl/kgsl_sharedmem.o
  CC      drivers/video/msm/gpu/kgsl/kgsl_yamato.o
  LD      drivers/video/msm/gpu/kgsl/msm_kgsl.o
  LD      drivers/video/msm/gpu/kgsl/built-in.o
  LD      drivers/video/msm/built-in.o
  LD      drivers/video/omap2/displays/built-in.o
  LD      drivers/video/omap2/dss/built-in.o
  LD      drivers/video/omap2/omapfb/built-in.o
  LD      drivers/video/omap2/built-in.o
  CC      drivers/video/cfbfillrect.o
  CC      drivers/video/cfbcopyarea.o
  CC      drivers/video/cfbimgblt.o
  CC      drivers/video/output.o
  LD      drivers/video/built-in.o
  CC      drivers/w1/w1.o
  CC      drivers/w1/w1_int.o
  CC      drivers/w1/w1_family.o
  CC      drivers/w1/w1_netlink.o
  CC      drivers/w1/w1_io.o
  LD      drivers/w1/wire.o
  CC      drivers/w1/masters/ds2482.o
  LD      drivers/w1/masters/built-in.o
  LD      drivers/w1/slaves/built-in.o
  LD      drivers/w1/built-in.o
  LD      drivers/built-in.o
  LD      sound/built-in.o
  LD      firmware/built-in.o
  CC      net/socket.o
  CC      net/802/p8022.o
  CC      net/802/psnap.o
  CC      net/802/stp.o
  LD      net/802/built-in.o
  CC      net/bluetooth/af_bluetooth.o
  CC      net/bluetooth/hci_core.o
  CC      net/bluetooth/hci_conn.o
  CC      net/bluetooth/hci_event.o
  CC      net/bluetooth/hci_sock.o
  CC      net/bluetooth/hci_sysfs.o
  CC      net/bluetooth/lib.o
  LD      net/bluetooth/bluetooth.o
  CC      net/bluetooth/l2cap.o
  CC      net/bluetooth/sco.o
  CC      net/bluetooth/bnep/core.o
  CC      net/bluetooth/bnep/sock.o
  CC      net/bluetooth/bnep/netdev.o
  LD      net/bluetooth/bnep/bnep.o
  LD      net/bluetooth/bnep/built-in.o
  CC      net/bluetooth/hidp/core.o
  CC      net/bluetooth/hidp/sock.o
  LD      net/bluetooth/hidp/hidp.o
  LD      net/bluetooth/hidp/built-in.o
  CC      net/bluetooth/rfcomm/core.o
  CC      net/bluetooth/rfcomm/sock.o
  CC      net/bluetooth/rfcomm/tty.o
  LD      net/bluetooth/rfcomm/rfcomm.o
  LD      net/bluetooth/rfcomm/built-in.o
  LD      net/bluetooth/built-in.o
  CC      net/bridge/br.o
  CC      net/bridge/br_device.o
  CC      net/bridge/br_fdb.o
  CC      net/bridge/br_forward.o
  CC      net/bridge/br_if.o
  CC      net/bridge/br_input.o
  CC      net/bridge/br_ioctl.o
  CC      net/bridge/br_notify.o
  CC      net/bridge/br_stp.o
  CC      net/bridge/br_stp_bpdu.o
  CC      net/bridge/br_stp_if.o
  CC      net/bridge/br_stp_timer.o
  CC      net/bridge/br_netlink.o
  CC      net/bridge/br_sysfs_if.o
  CC      net/bridge/br_sysfs_br.o
  CC      net/bridge/br_netfilter.o
  CC      net/bridge/br_multicast.o
  LD      net/bridge/bridge.o
  LD      net/bridge/built-in.o
  CC      net/core/sock.o
  CC      net/core/request_sock.o
  CC      net/core/skbuff.o
  CC      net/core/iovec.o
  CC      net/core/datagram.o
  CC      net/core/stream.o
  CC      net/core/scm.o
  CC      net/core/gen_stats.o
  CC      net/core/gen_estimator.o
  CC      net/core/net_namespace.o
  CC      net/core/sysctl_net_core.o
  CC      net/core/dev.o
  CC      net/core/ethtool.o
  CC      net/core/dev_addr_lists.o
  CC      net/core/dst.o
  CC      net/core/netevent.o
  CC      net/core/neighbour.o
  CC      net/core/rtnetlink.o
  CC      net/core/utils.o
  CC      net/core/link_watch.o
  CC      net/core/filter.o
  CC      net/core/flow.o
  CC      net/core/net-sysfs.o
  CC      net/core/fib_rules.o
  LD      net/core/built-in.o
  CC      net/ethernet/eth.o
  LD      net/ethernet/built-in.o
  LD      net/ieee802154/built-in.o
  CC      net/ipv4/route.o
  CC      net/ipv4/inetpeer.o
  CC      net/ipv4/protocol.o
  CC      net/ipv4/ip_input.o
  CC      net/ipv4/ip_fragment.o
  CC      net/ipv4/ip_forward.o
  CC      net/ipv4/ip_options.o
  CC      net/ipv4/ip_output.o
  CC      net/ipv4/ip_sockglue.o
  CC      net/ipv4/inet_hashtables.o
  CC      net/ipv4/inet_timewait_sock.o
  CC      net/ipv4/inet_connection_sock.o
  CC      net/ipv4/tcp.o
  CC      net/ipv4/tcp_input.o
  CC      net/ipv4/tcp_output.o
  CC      net/ipv4/tcp_timer.o
  CC      net/ipv4/tcp_ipv4.o
  CC      net/ipv4/tcp_minisocks.o
  CC      net/ipv4/tcp_cong.o
  CC      net/ipv4/datagram.o
  CC      net/ipv4/raw.o
  CC      net/ipv4/udp.o
  CC      net/ipv4/udplite.o
  CC      net/ipv4/arp.o
  CC      net/ipv4/icmp.o
  CC      net/ipv4/devinet.o
  CC      net/ipv4/af_inet.o
  CC      net/ipv4/igmp.o
  CC      net/ipv4/fib_frontend.o
  CC      net/ipv4/fib_semantics.o
  CC      net/ipv4/inet_fragment.o
  CC      net/ipv4/sysctl_net_ipv4.o
  CC      net/ipv4/sysfs_net_ipv4.o
  CC      net/ipv4/fib_hash.o
  CC      net/ipv4/proc.o
  CC      net/ipv4/fib_rules.o
  CC      net/ipv4/esp4.o
  CC      net/ipv4/ipcomp.o
  CC      net/ipv4/xfrm4_tunnel.o
  CC      net/ipv4/tunnel4.o
  CC      net/ipv4/xfrm4_mode_transport.o
  CC      net/ipv4/netfilter.o
  CC      net/ipv4/netfilter/nf_nat_rule.o
  CC      net/ipv4/netfilter/nf_nat_standalone.o
  CC      net/ipv4/netfilter/nf_conntrack_l3proto_ipv4.o
  CC      net/ipv4/netfilter/nf_conntrack_proto_icmp.o
  CC      net/ipv4/netfilter/nf_conntrack_l3proto_ipv4_compat.o
  CC      net/ipv4/netfilter/nf_nat_core.o
  CC      net/ipv4/netfilter/nf_nat_helper.o
  CC      net/ipv4/netfilter/nf_nat_proto_unknown.o
  CC      net/ipv4/netfilter/nf_nat_proto_common.o
  CC      net/ipv4/netfilter/nf_nat_proto_tcp.o
  CC      net/ipv4/netfilter/nf_nat_proto_udp.o
  CC      net/ipv4/netfilter/nf_nat_proto_icmp.o
  LD      net/ipv4/netfilter/nf_conntrack_ipv4.o
  LD      net/ipv4/netfilter/nf_nat.o
  CC      net/ipv4/netfilter/nf_defrag_ipv4.o
  CC      net/ipv4/netfilter/nf_nat_amanda.o
  CC      net/ipv4/netfilter/nf_nat_ftp.o
  CC      net/ipv4/netfilter/nf_nat_irc.o
  CC      net/ipv4/netfilter/nf_nat_pptp.o
  CC      net/ipv4/netfilter/nf_nat_sip.o
  CC      net/ipv4/netfilter/nf_nat_tftp.o
  CC      net/ipv4/netfilter/nf_nat_proto_dccp.o
  CC      net/ipv4/netfilter/nf_nat_proto_gre.o
  CC      net/ipv4/netfilter/nf_nat_proto_udplite.o
  CC      net/ipv4/netfilter/nf_nat_proto_sctp.o
  CC      net/ipv4/netfilter/ip_tables.o
  CC      net/ipv4/netfilter/iptable_filter.o
  LD      net/ipv4/netfilter/iptable_nat.o
  CC      net/ipv4/netfilter/ipt_addrtype.o
  CC      net/ipv4/netfilter/ipt_ah.o
  CC      net/ipv4/netfilter/ipt_ecn.o
  CC      net/ipv4/netfilter/ipt_LOG.o
  CC      net/ipv4/netfilter/ipt_MASQUERADE.o
  CC      net/ipv4/netfilter/ipt_NETMAP.o
  CC      net/ipv4/netfilter/ipt_REDIRECT.o
  CC      net/ipv4/netfilter/ipt_REJECT.o
  CC      net/ipv4/netfilter/arp_tables.o
  CC      net/ipv4/netfilter/arpt_mangle.o
  CC      net/ipv4/netfilter/arptable_filter.o
  LD      net/ipv4/netfilter/built-in.o
  CC      net/ipv4/inet_diag.o
  CC      net/ipv4/tcp_diag.o
  CC      net/ipv4/tcp_cubic.o
  CC      net/ipv4/xfrm4_policy.o
  CC      net/ipv4/xfrm4_state.o
  CC      net/ipv4/xfrm4_input.o
  CC      net/ipv4/xfrm4_output.o
  LD      net/ipv4/built-in.o
  CC      net/ipv6/af_inet6.o
  CC      net/ipv6/anycast.o
  CC      net/ipv6/ip6_output.o
  CC      net/ipv6/ip6_input.o
  CC      net/ipv6/addrconf.o
  CC      net/ipv6/addrlabel.o
  CC      net/ipv6/route.o
  CC      net/ipv6/ip6_fib.o
  CC      net/ipv6/ipv6_sockglue.o
  CC      net/ipv6/ndisc.o
  CC      net/ipv6/udp.o
  CC      net/ipv6/udplite.o
  CC      net/ipv6/raw.o
  CC      net/ipv6/protocol.o
  CC      net/ipv6/icmp.o
  CC      net/ipv6/mcast.o
  CC      net/ipv6/reassembly.o
  CC      net/ipv6/tcp_ipv6.o
  CC      net/ipv6/exthdrs.o
  CC      net/ipv6/datagram.o
  CC      net/ipv6/ip6_flowlabel.o
  CC      net/ipv6/inet6_connection_sock.o
  CC      net/ipv6/sysctl_net_ipv6.o
  CC      net/ipv6/xfrm6_policy.o
  CC      net/ipv6/xfrm6_state.o
  CC      net/ipv6/xfrm6_input.o
  CC      net/ipv6/xfrm6_output.o
  CC      net/ipv6/netfilter.o
  CC      net/ipv6/fib6_rules.o
  CC      net/ipv6/proc.o
  LD      net/ipv6/ipv6.o
  CC      net/ipv6/ah6.o
  CC      net/ipv6/esp6.o
  CC      net/ipv6/ipcomp6.o
  CC      net/ipv6/xfrm6_tunnel.o
  CC      net/ipv6/tunnel6.o
  CC      net/ipv6/xfrm6_mode_transport.o
  CC      net/ipv6/xfrm6_mode_tunnel.o
  CC      net/ipv6/xfrm6_mode_beet.o
  CC      net/ipv6/mip6.o
  LD      net/ipv6/netfilter/built-in.o
  CC      net/ipv6/sit.o
  CC      net/ipv6/ip6_tunnel.o
  CC      net/ipv6/addrconf_core.o
  CC      net/ipv6/exthdrs_core.o
  CC      net/ipv6/inet6_hashtables.o
  LD      net/ipv6/built-in.o
  CC      net/key/af_key.o
  LD      net/key/built-in.o
  CC      net/llc/llc_core.o
  CC      net/llc/llc_input.o
  CC      net/llc/llc_output.o
  LD      net/llc/llc.o
  LD      net/llc/built-in.o
  CC      net/netfilter/core.o
  CC      net/netfilter/nf_log.o
  CC      net/netfilter/nf_queue.o
  CC      net/netfilter/nf_sockopt.o
  CC      net/netfilter/nf_conntrack_core.o
  CC      net/netfilter/nf_conntrack_standalone.o
  CC      net/netfilter/nf_conntrack_expect.o
  CC      net/netfilter/nf_conntrack_helper.o
  CC      net/netfilter/nf_conntrack_proto.o
  CC      net/netfilter/nf_conntrack_l3proto_generic.o
  CC      net/netfilter/nf_conntrack_proto_generic.o
  CC      net/netfilter/nf_conntrack_proto_tcp.o
  CC      net/netfilter/nf_conntrack_proto_udp.o
  CC      net/netfilter/nf_conntrack_extend.o
  CC      net/netfilter/nf_conntrack_acct.o
  CC      net/netfilter/nf_conntrack_ecache.o
  LD      net/netfilter/netfilter.o
  CC      net/netfilter/nfnetlink.o
  CC      net/netfilter/nfnetlink_queue.o
  CC      net/netfilter/nfnetlink_log.o
  LD      net/netfilter/nf_conntrack.o
  CC      net/netfilter/nf_conntrack_proto_dccp.o
  CC      net/netfilter/nf_conntrack_proto_gre.o
  CC      net/netfilter/nf_conntrack_proto_sctp.o
  CC      net/netfilter/nf_conntrack_proto_udplite.o
  CC      net/netfilter/nf_conntrack_netlink.o
  CC      net/netfilter/nf_conntrack_amanda.o
  CC      net/netfilter/nf_conntrack_ftp.o
  CC      net/netfilter/nf_conntrack_irc.o
  CC      net/netfilter/nf_conntrack_netbios_ns.o
  CC      net/netfilter/nf_conntrack_pptp.o
  CC      net/netfilter/nf_conntrack_sane.o
  CC      net/netfilter/nf_conntrack_sip.o
  CC      net/netfilter/nf_conntrack_tftp.o
  CC      net/netfilter/x_tables.o
  CC      net/netfilter/xt_tcpudp.o
  CC      net/netfilter/xt_mark.o
  CC      net/netfilter/xt_connmark.o
  CC      net/netfilter/xt_CLASSIFY.o
  CC      net/netfilter/xt_LED.o
  CC      net/netfilter/xt_NFQUEUE.o
  CC      net/netfilter/xt_comment.o
  CC      net/netfilter/xt_connbytes.o
  CC      net/netfilter/xt_connlimit.o
  CC      net/netfilter/xt_conntrack.o
  CC      net/netfilter/xt_hashlimit.o
  CC      net/netfilter/xt_helper.o
  CC      net/netfilter/xt_hl.o
  CC      net/netfilter/xt_iprange.o
  CC      net/netfilter/xt_length.o
  CC      net/netfilter/xt_limit.o
  CC      net/netfilter/xt_mac.o
  CC      net/netfilter/xt_multiport.o
  CC      net/netfilter/xt_owner.o
  CC      net/netfilter/xt_pkttype.o
  CC      net/netfilter/xt_policy.o
  CC      net/netfilter/xt_quota.o
  CC      net/netfilter/xt_recent.o
  CC      net/netfilter/xt_state.o
  CC      net/netfilter/xt_statistic.o
  CC      net/netfilter/xt_string.o
  CC      net/netfilter/xt_time.o
  CC      net/netfilter/xt_u32.o
  LD      net/netfilter/built-in.o
  CC      net/netlink/af_netlink.o
  CC      net/netlink/genetlink.o
  LD      net/netlink/built-in.o
  CC      net/packet/af_packet.o
  LD      net/packet/built-in.o
  CC      net/rfkill/core.o
  LD      net/rfkill/rfkill.o
  LD      net/rfkill/built-in.o
  CC      net/sched/sch_generic.o
  CC      net/sched/sch_mq.o
  CC      net/sched/sch_api.o
  CC      net/sched/sch_blackhole.o
  CC      net/sched/cls_api.o
  CC      net/sched/act_api.o
  CC      net/sched/act_police.o
  CC      net/sched/act_gact.o
  CC      net/sched/act_mirred.o
  CC      net/sched/sch_fifo.o
  CC      net/sched/sch_htb.o
  CC      net/sched/sch_ingress.o
  CC      net/sched/cls_u32.o
  CC      net/sched/ematch.o
  CC      net/sched/em_u32.o
  LD      net/sched/built-in.o
  CC      net/sunrpc/clnt.o
  CC      net/sunrpc/xprt.o
  CC      net/sunrpc/socklib.o
  CC      net/sunrpc/xprtsock.o
  CC      net/sunrpc/sched.o
  CC      net/sunrpc/auth.o
  CC      net/sunrpc/auth_null.o
  CC      net/sunrpc/auth_unix.o
  CC      net/sunrpc/auth_generic.o
  CC      net/sunrpc/svc.o
  CC      net/sunrpc/svcsock.o
  CC      net/sunrpc/svcauth.o
  CC      net/sunrpc/svcauth_unix.o
  CC      net/sunrpc/addr.o
  CC      net/sunrpc/rpcb_clnt.o
  CC      net/sunrpc/timer.o
  CC      net/sunrpc/xdr.o
  CC      net/sunrpc/sunrpc_syms.o
  CC      net/sunrpc/cache.o
  CC      net/sunrpc/rpc_pipe.o
  CC      net/sunrpc/svc_xprt.o
  CC      net/sunrpc/stats.o
  CC      net/sunrpc/sysctl.o
  LD      net/sunrpc/sunrpc.o
  CC      net/sunrpc/auth_gss/auth_gss.o
  CC      net/sunrpc/auth_gss/gss_generic_token.o
  CC      net/sunrpc/auth_gss/gss_mech_switch.o
  CC      net/sunrpc/auth_gss/svcauth_gss.o
  CC      net/sunrpc/auth_gss/gss_krb5_mech.o
  CC      net/sunrpc/auth_gss/gss_krb5_seal.o
  CC      net/sunrpc/auth_gss/gss_krb5_unseal.o
  CC      net/sunrpc/auth_gss/gss_krb5_seqnum.o
  CC      net/sunrpc/auth_gss/gss_krb5_wrap.o
  CC      net/sunrpc/auth_gss/gss_krb5_crypto.o
  CC      net/sunrpc/auth_gss/gss_krb5_keys.o
  LD      net/sunrpc/auth_gss/auth_rpcgss.o
  LD      net/sunrpc/auth_gss/rpcsec_gss_krb5.o
  LD      net/sunrpc/auth_gss/built-in.o
  LD      net/sunrpc/built-in.o
  CC      net/unix/af_unix.o
  CC      net/unix/garbage.o
  CC      net/unix/sysctl_net_unix.o
  LD      net/unix/unix.o
  LD      net/unix/built-in.o
  CC      net/wireless/wext-core.o
  CC      net/wireless/wext-proc.o
  CC      net/wireless/wext-priv.o
  LD      net/wireless/built-in.o
  CC      net/xfrm/xfrm_policy.o
  CC      net/xfrm/xfrm_state.o
  CC      net/xfrm/xfrm_hash.o
  CC      net/xfrm/xfrm_input.o
  CC      net/xfrm/xfrm_output.o
  CC      net/xfrm/xfrm_algo.o
  CC      net/xfrm/xfrm_sysctl.o
  CC      net/xfrm/xfrm_ipcomp.o
  LD      net/xfrm/built-in.o
  CC      net/sysctl_net.o
  CC      net/activity_stats.o
  LD      net/built-in.o
  LD      arch/arm/lib/built-in.o
  AS      arch/arm/lib/ashldi3.o
  AS      arch/arm/lib/ashrdi3.o
  AS      arch/arm/lib/backtrace.o
  AS      arch/arm/lib/changebit.o
  AS      arch/arm/lib/clear_user.o
  AS      arch/arm/lib/clearbit.o
  AS      arch/arm/lib/copy_from_user.o
  AS      arch/arm/lib/copy_page.o
  AS      arch/arm/lib/copy_to_user.o
  AS      arch/arm/lib/csumipv6.o
  AS      arch/arm/lib/csumpartial.o
  AS      arch/arm/lib/csumpartialcopy.o
  AS      arch/arm/lib/csumpartialcopyuser.o
  CC      arch/arm/lib/delay.o
  AS      arch/arm/lib/div64.o
  AS      arch/arm/lib/findbit.o
  AS      arch/arm/lib/getuser.o
  AS      arch/arm/lib/io-readsb.o
  AS      arch/arm/lib/io-readsl.o
  AS      arch/arm/lib/io-readsw-armv4.o
  AS      arch/arm/lib/io-writesb.o
  AS      arch/arm/lib/io-writesl.o
  AS      arch/arm/lib/io-writesw-armv4.o
  AS      arch/arm/lib/lib1funcs.o
  AS      arch/arm/lib/lshrdi3.o
  AS      arch/arm/lib/memchr.o
  AS      arch/arm/lib/memcpy.o
  AS      arch/arm/lib/memmove.o
  AS      arch/arm/lib/memset.o
  AS      arch/arm/lib/memzero.o
  AS      arch/arm/lib/muldi3.o
  AS      arch/arm/lib/putuser.o
  AS      arch/arm/lib/setbit.o
  AS      arch/arm/lib/sha1.o
  AS      arch/arm/lib/strchr.o
  AS      arch/arm/lib/strncpy_from_user.o
  AS      arch/arm/lib/strnlen_user.o
  AS      arch/arm/lib/strrchr.o
  AS      arch/arm/lib/testchangebit.o
  AS      arch/arm/lib/testclearbit.o
  AS      arch/arm/lib/testsetbit.o
  AS      arch/arm/lib/ucmpdi2.o
  AR      arch/arm/lib/lib.a
  CC      lib/bcd.o
  CC      lib/div64.o
  CC      lib/sort.o
  CC      lib/parser.o
  CC      lib/halfmd4.o
  CC      lib/debug_locks.o
  CC      lib/random32.o
  CC      lib/bust_spinlocks.o
  CC      lib/hexdump.o
  CC      lib/kasprintf.o
  CC      lib/bitmap.o
  CC      lib/scatterlist.o
  CC      lib/string_helpers.o
  CC      lib/gcd.o
  CC      lib/lcm.o
  CC      lib/list_sort.o
  CC      lib/uuid.o
  CC      lib/iomap_copy.o
  CC      lib/devres.o
  CC      lib/find_last_bit.o
  CC      lib/hweight.o
  CC      lib/kernel_lock.o
  CC      lib/bitrev.o
  CC      lib/crc-ccitt.o
  CC      lib/crc16.o
  HOSTCC  lib/gen_crc32table
  GEN     lib/crc32table.h
  CC      lib/crc32.o
  CC      lib/libcrc32c.o
  CC      lib/genalloc.o
  CC      lib/zlib_deflate/deflate.o
  CC      lib/zlib_deflate/deftree.o
  CC      lib/zlib_deflate/deflate_syms.o
  LD      lib/zlib_deflate/zlib_deflate.o
  LD      lib/zlib_deflate/built-in.o
  CC      lib/zlib_inflate/inffast.o
  CC      lib/zlib_inflate/inflate.o
  CC      lib/zlib_inflate/infutil.o
  CC      lib/zlib_inflate/inftrees.o
  CC      lib/zlib_inflate/inflate_syms.o
  LD      lib/zlib_inflate/zlib_inflate.o
  LD      lib/zlib_inflate/built-in.o
  CC      lib/textsearch.o
  CC      lib/ts_kmp.o
  CC      lib/ts_bm.o
  CC      lib/ts_fsm.o
  CC      lib/nlattr.o
  LD      lib/built-in.o
  CC      lib/argv_split.o
  CC      lib/cmdline.o
  CC      lib/ctype.o
  CC      lib/dec_and_lock.o
  CC      lib/decompress.o
  CC      lib/decompress_inflate.o
  CC      lib/dump_stack.o
  CC      lib/extable.o
  CC      lib/flex_array.o
  CC      lib/idr.o
  CC      lib/int_sqrt.o
  CC      lib/ioremap.o
  CC      lib/irq_regs.o
  CC      lib/is_single_threaded.o
  CC      lib/klist.o
  CC      lib/kobject.o
  CC      lib/kobject_uevent.o
  CC      lib/kref.o
  CC      lib/plist.o
  CC      lib/prio_heap.o
  CC      lib/prio_tree.o
  CC      lib/proportions.o
  CC      lib/radix-tree.o
  CC      lib/ratelimit.o
  CC      lib/rbtree.o
  CC      lib/reciprocal_div.o
  CC      lib/rwsem.o
  CC      lib/sha1.o
  CC      lib/show_mem.o
  CC      lib/string.o
  CC      lib/vsprintf.o
  AR      lib/lib.a
  LD      vmlinux.o
  MODPOST vmlinux.o
  GEN     .version
  CHK     include/generated/compile.h
  UPD     include/generated/compile.h
  CC      init/version.o
  LD      init/built-in.o
  LD      .tmp_vmlinux1
  KSYM    .tmp_kallsyms1.S
  AS      .tmp_kallsyms1.o
  LD      .tmp_vmlinux2
  KSYM    .tmp_kallsyms2.S
  AS      .tmp_kallsyms2.o
  LD      vmlinux
  SYSMAP  System.map
  SYSMAP  .tmp_System.map
  OBJCOPY arch/arm/boot/Image
  Kernel: arch/arm/boot/Image is ready
  AS      arch/arm/boot/compressed/head.o
  LZMA    arch/arm/boot/compressed/piggy.lzma
  AS      arch/arm/boot/compressed/piggy.lzma.o
  CC      arch/arm/boot/compressed/misc.o
  CC      arch/arm/boot/compressed/decompress.o
  SHIPPED arch/arm/boot/compressed/lib1funcs.S
  AS      arch/arm/boot/compressed/lib1funcs.o
  LD      arch/arm/boot/compressed/vmlinux
  OBJCOPY arch/arm/boot/zImage
  Kernel: arch/arm/boot/zImage is ready
  Building modules, stage 2.
  MODPOST 2 modules
  CC      drivers/net/wireless/bcm4329/bcm4329.mod.o
  LD [M]  drivers/net/wireless/bcm4329/bcm4329.ko
  CC      fs/cifs/cifs.mod.o
  LD [M]  fs/cifs/cifs.ko
